<?xml version="1.0" encoding="UTF-8"?>
<!-- Generated by org.testng.reporters.JUnitReportReporter -->
<testsuite hostname="LAPTOP-2EFM3REO" failures="0" tests="1" name="testcases.LoginTest" time="4.096" errors="0" timestamp="10 May 2020 09:22:57 GMT" skipped="0">
  <testcase classname="testcases.LoginTest" name="loginAs_BANKmanager" time="4.096"/>
</testsuite> <!-- testcases.LoginTest -->
