<?xml version="1.0" encoding="UTF-8"?>
<!-- Generated by org.testng.reporters.JUnitReportReporter -->
<testsuite hostname="LAPTOP-2EFM3REO" failures="0" tests="1" name="testcases.LoginTest" time="3.788" errors="0" timestamp="11 May 2020 16:43:01 GMT" skipped="0">
  <testcase classname="testcases.LoginTest" name="loginAs_BANKmanager" time="3.788"/>
</testsuite> <!-- testcases.LoginTest -->
