<?xml version="1.0" encoding="UTF-8"?>
<!-- Generated by org.testng.reporters.JUnitReportReporter -->
<testsuite hostname="LAPTOP-2EFM3REO" failures="0" tests="1" name="testcases.OpenAccount" time="97.333" errors="0" timestamp="11 May 2020 16:43:01 GMT" skipped="0">
  <testcase classname="testcases.OpenAccount" name="Openaccount" time="97.333"/>
</testsuite> <!-- testcases.OpenAccount -->
