<?xml version="1.0" encoding="UTF-8"?>
<!-- Generated by org.testng.reporters.JUnitReportReporter -->
<testsuite hostname="LAPTOP-2EFM3REO" failures="0" tests="2" name="testcases.AddCustomertTEST" time="7.159" errors="0" timestamp="10 May 2020 09:22:57 GMT" skipped="0">
  <testcase classname="testcases.AddCustomertTEST" name="AddCustomer" time="3.405"/>
  <testcase classname="testcases.AddCustomertTEST" name="AddCustomer" time="3.754"/>
</testsuite> <!-- testcases.AddCustomertTEST -->
