<?xml version="1.0" encoding="UTF-8"?>
<!-- Generated by org.testng.reporters.JUnitReportReporter -->
<testsuite hostname="LAPTOP-2EFM3REO" failures="0" tests="1" name="testcases.LoginTest" time="3.081" errors="0" timestamp="09 May 2020 12:36:43 GMT" skipped="0">
  <testcase classname="testcases.LoginTest" name="loginAs_BANKmanager" time="3.081"/>
</testsuite> <!-- testcases.LoginTest -->
