<?xml version="1.0" encoding="UTF-8"?>
<!-- Generated by org.testng.reporters.JUnitReportReporter -->
<testsuite hostname="LAPTOP-2EFM3REO" failures="0" tests="1" name="testcases.AddCustomertTEST" time="0.000" errors="0" timestamp="09 May 2020 12:36:43 GMT" skipped="1">
  <testcase classname="testcases.AddCustomertTEST" name="AddCustomer" time="0.000">
    <skipped/>
  </testcase> <!-- AddCustomer -->
</testsuite> <!-- testcases.AddCustomertTEST -->
