<?xml version="1.0" encoding="UTF-8"?>
<!-- Generated by org.testng.reporters.JUnitReportReporter -->
<testsuite hostname="LAPTOP-2EFM3REO" failures="0" tests="2" name="testcases.AddCustomertTEST" time="9.706" errors="0" timestamp="11 May 2020 16:43:01 GMT" skipped="0">
  <testcase classname="testcases.AddCustomertTEST" name="AddCustomer" time="6.338"/>
  <testcase classname="testcases.AddCustomertTEST" name="AddCustomer" time="3.368"/>
</testsuite> <!-- testcases.AddCustomertTEST -->
